
transformix is started at Thu Jul 31 12:22:20 2025.

which transformix:   transformix
  transformix version: 5.1.0
  Build date: Jun 22 2023 03:14:27
  Compiler: GCC version 12.3.0
  Memory address size: 64-bit
  CMake version: 3.26.4
  ITK version: 5.3.0

Command-line arguments: 
  -in "costela2_nii/left rib 10.nii.gz" -out "output_transformix2_p1/left rib 10" -tp output_elastix_p1/TransformParameters.0.txt -tp output_elastix_p1/TransformParameters.1.txt

transformix runs at: DESKTOP-M4BA0VV
  Linux 6.6.87.2-microsoft-standard-WSL2 (x64), #1 SMP PREEMPT_DYNAMIC Thu Jun  5 18:30:46 UTC 2025
  with 3806 MB memory, and 4 cores @ 3110 MHz.
Running transformix with parameter file "output_elastix_p1/TransformParameters.0.txt".

Reading the elastix parameters from file ...

Installing all components.
InstallingComponents was successful.

ELASTIX version: 5.1.0
Command line options from ElastixBase:
-in       costela2_nii/left rib 10.nii.gz
-out      output_transformix2_p1/left rib 10/
-threads  unspecified, so all available threads are used
-tp       output_elastix_p1/TransformParameters.0.txt
-def      unspecified, so no input points transformed
-jac      unspecified, so no det(dT/dx) computed
-jacmat   unspecified, so no dT/dx computed

=============== start of ParameterFile: output_elastix_p1/TransformParameters.0.txt ===============
(CenterOfRotationPoint 13.77423095703125 -20.68359375 -24.686745643615723)
(Direction 1 0 0 0 1 0 0 0 1)
(FixedImageDimension 3)
(FixedInternalImagePixelType "float")
(HowToCombineTransforms "Compose")
(Index 0 0 0)
(InitialTransformParametersFileName "NoInitialTransform")
(MovingImageDimension 3)
(MovingInternalImagePixelType "float")
(NumberOfParameters 12)
(Origin -160.54217529296875 -173.125 -115.88674926757812)
(Size 256 224 20)
(Spacing 1.3671875 1.3671875 9.600000381469727)
(Transform "AffineTransform")
(TransformParameters 0.9559025936177181 0.04119049357592894 -0.027815514294965146 0.017844340225156283 0.9949890775880318 -0.02052037271374326 0.019276047608389444 -0.005565067028144873 0.9515501674239036 12.620649917985592 -148.1892134786293 -192.50475296036785)
(UseDirectionCosines "true")

// ResampleInterpolator specific
(FinalBSplineInterpolationOrder 3)
(ResampleInterpolator "FinalBSplineInterpolator")

// Resampler specific
(CompressResultImage "false")
(DefaultPixelValue 0)
(Resampler "DefaultResampler")
(ResultImageFormat "mhd")
(ResultImagePixelType "short")


=============== end of ParameterFile: output_elastix_p1/TransformParameters.0.txt ===============


Reading input image ...
  Reading input image took 0.040975 s
Calling all ReadFromFile()'s ...
  Calling all ReadFromFile()'s took 0.000542 s
Transforming points ...
  The command-line option "-def" is not used, so no points are transformed
  Transforming points done, it took 0.00s
Compute determinant of spatial Jacobian ...
  The command-line option "-jac" is not used, so no det(dT/dx) computed.
  Computing determinant of spatial Jacobian done, it took 0.00s
Compute spatial Jacobian (full matrix) ...
  The command-line option "-jacmat" is not used, so no dT/dx computed.
  Computing spatial Jacobian done, it took 0.00s
Resampling image and writing to disk ...
  Resampling took 0.09s

transformix has finished at Thu Jul 31 12:22:20 2025.
Total time elapsed: 0.2s.

